2018-04-20 20:09:11,224 [django.server:124] [basehttp:log_message] [INFO]- "GET /api/index/ HTTP/1.1" 200 499
2018-04-21 14:15:12,110 [django.server:124] [basehttp:log_message] [INFO]- "GET /api/index HTTP/1.1" 301 0
2018-04-21 14:15:12,241 [django.server:124] [basehttp:log_message] [INFO]- "GET /api/index/ HTTP/1.1" 200 499
2018-04-21 14:15:12,635 [django.server:124] [basehttp:log_message] [INFO]- "GET /favicon.ico HTTP/1.1" 302 0
2018-04-21 14:15:12,644 [django.server:124] [basehttp:log_message] [INFO]- "GET /static/assets/img/favicon.ico HTTP/1.1" 200 67646
2018-04-21 14:15:52,420 [django.server:124] [basehttp:log_message] [INFO]- "GET /api/index/ HTTP/1.1" 200 310
2018-04-21 14:15:52,469 [django.server:124] [basehttp:log_message] [INFO]- "GET /favicon.ico HTTP/1.1" 302 0
2018-04-21 14:15:52,480 [django.server:124] [basehttp:log_message] [INFO]- "GET /static/assets/img/favicon.ico HTTP/1.1" 200 67646
2018-04-21 14:15:53,797 [django.server:124] [basehttp:log_message] [INFO]- "GET /api/index/ HTTP/1.1" 200 310
2018-04-21 14:15:53,812 [django.server:124] [basehttp:log_message] [INFO]- "GET /favicon.ico HTTP/1.1" 302 0
2018-04-21 14:15:53,826 [django.server:124] [basehttp:log_message] [INFO]- "GET /static/assets/img/favicon.ico HTTP/1.1" 200 67646
2018-04-21 14:16:11,825 [django.server:124] [basehttp:log_message] [INFO]- "GET /api/index/ HTTP/1.1" 302 0
2018-04-21 14:16:11,858 [django.server:124] [basehttp:log_message] [INFO]- "GET /api/login/ HTTP/1.1" 200 5469
2018-04-21 14:16:11,886 [django.server:124] [basehttp:log_message] [INFO]- "GET /static/assets/css/css-index.css HTTP/1.1" 200 18485
2018-04-21 14:16:12,039 [django.server:124] [basehttp:log_message] [INFO]- "GET /static/assets/js/custom.js HTTP/1.1" 200 5773
2018-04-21 14:16:12,126 [django.server:124] [basehttp:log_message] [INFO]- "GET /static/assets/js/jquery.sticky.js HTTP/1.1" 200 5739
2018-04-21 14:16:12,159 [django.server:124] [basehttp:log_message] [INFO]- "GET /static/assets/js/wow.min.js HTTP/1.1" 200 6300
2018-04-21 14:16:12,169 [django.server:124] [basehttp:log_message] [INFO]- "GET /static/assets/js/owl.carousel.min.js HTTP/1.1" 200 23890
2018-04-21 14:16:12,170 [django.server:124] [basehttp:log_message] [INFO]- "GET /static/assets/img/logo.png HTTP/1.1" 200 11481
2018-04-21 14:16:12,175 [django.server:124] [basehttp:log_message] [INFO]- "GET /static/assets/img/bg.jpg HTTP/1.1" 200 134726
2018-04-21 14:16:12,179 [django.server:124] [basehttp:log_message] [INFO]- "GET /static/assets/img/loading.GIF HTTP/1.1" 200 63798
2018-04-21 14:16:12,331 [django.server:124] [basehttp:log_message] [INFO]- "GET /favicon.ico HTTP/1.1" 302 0
2018-04-21 14:16:13,925 [django.server:124] [basehttp:log_message] [INFO]- "POST /api/login/ HTTP/1.1" 302 0
2018-04-21 14:16:13,957 [django.server:124] [basehttp:log_message] [INFO]- "GET /api/index/ HTTP/1.1" 200 7063
2018-04-21 14:16:13,984 [django.server:124] [basehttp:log_message] [INFO]- "GET /static/bootstrap/css/bootstrap-datetimepicker.min.css HTTP/1.1" 200 11284
2018-04-21 14:16:13,985 [django.server:124] [basehttp:log_message] [INFO]- "GET /static/assets/css/admin.css HTTP/1.1" 200 20853
2018-04-21 14:16:13,988 [django.server:124] [basehttp:log_message] [INFO]- "GET /static/bootstrap/css/bootstrap.min.css HTTP/1.1" 200 121200
2018-04-21 14:16:13,989 [django.server:124] [basehttp:log_message] [INFO]- "GET /static/assets/css/amazeui.min.css HTTP/1.1" 200 259366
2018-04-21 14:16:13,990 [django.server:124] [basehttp:log_message] [INFO]- "GET /static/assets/css/common.css HTTP/1.1" 200 390
2018-04-21 14:16:13,992 [django.server:124] [basehttp:log_message] [INFO]- "GET /static/assets/css/jquery.json-viewer.css HTTP/1.1" 200 1023
2018-04-21 14:16:14,000 [django.server:124] [basehttp:log_message] [INFO]- "GET /static/bootstrap/js/jquery.min.js HTTP/1.1" 200 84249
2018-04-21 14:16:14,010 [django.server:124] [basehttp:log_message] [INFO]- "GET /static/bootstrap/js/bootstrap-datetimepicker.min.js HTTP/1.1" 200 39213
2018-04-21 14:16:14,013 [django.server:124] [basehttp:log_message] [INFO]- "GET /static/assets/js/commons.js HTTP/1.1" 200 9318
2018-04-21 14:16:14,014 [django.server:124] [basehttp:log_message] [INFO]- "GET /static/assets/js/app.js HTTP/1.1" 200 21264
2018-04-21 14:16:14,016 [django.server:124] [basehttp:log_message] [INFO]- "GET /static/assets/js/amazeui.min.js HTTP/1.1" 200 218961
2018-04-21 14:16:14,020 [django.server:124] [basehttp:log_message] [INFO]- "GET /static/assets/js/jquery.json-viewer.js HTTP/1.1" 200 4603
2018-04-21 14:16:14,091 [django.server:124] [basehttp:log_message] [INFO]- "GET /static/assets/fonts/fontawesome-webfont.woff2?v=4.3.0 HTTP/1.1" 200 56780
2018-04-21 14:16:16,336 [django.server:124] [basehttp:log_message] [INFO]- "GET /api/project_list/1/ HTTP/1.1" 200 20547
2018-04-21 14:16:20,382 [django.server:124] [basehttp:log_message] [INFO]- "GET /api/add_project/ HTTP/1.1" 200 11777
2018-04-21 14:16:20,442 [django.server:124] [basehttp:log_message] [INFO]- "GET /static/bootstrap/fonts/glyphicons-halflings-regular.woff2 HTTP/1.1" 200 18028
2018-04-21 14:16:30,308 [django.server:124] [basehttp:log_message] [INFO]- "GET /api/add_module/ HTTP/1.1" 200 11480
2018-04-21 14:27:28,276 [django.server:124] [basehttp:log_message] [INFO]- "GET /api/index/ HTTP/1.1" 200 6892
2018-04-21 14:27:28,602 [django.server:124] [basehttp:log_message] [INFO]- "GET /favicon.ico HTTP/1.1" 302 0
2018-04-21 14:27:31,843 [django.server:124] [basehttp:log_message] [INFO]- "GET /api/add_module/ HTTP/1.1" 200 10238
2018-04-21 14:27:33,518 [django.server:124] [basehttp:log_message] [INFO]- "GET /api/add_project/ HTTP/1.1" 200 11606
2018-04-21 14:27:35,929 [django.server:124] [basehttp:log_message] [INFO]- "GET /api/add_module/ HTTP/1.1" 200 10238
2018-04-21 14:27:47,632 [django.server:124] [basehttp:log_message] [INFO]- "POST /api/add_module/ HTTP/1.1" 200 18
2018-04-21 14:27:57,100 [django.server:124] [basehttp:log_message] [INFO]- "POST /api/add_module/ HTTP/1.1" 200 48
2018-04-21 14:28:01,964 [django.server:124] [basehttp:log_message] [INFO]- "POST /api/add_module/ HTTP/1.1" 200 18
2018-04-21 14:28:05,255 [django.server:124] [basehttp:log_message] [INFO]- "GET /api/add_module/ HTTP/1.1" 200 10238
2018-04-21 14:28:06,940 [django.server:124] [basehttp:log_message] [INFO]- "GET /api/module_list/1/ HTTP/1.1" 200 22272
2018-04-21 14:28:16,798 [django.server:124] [basehttp:log_message] [INFO]- "POST /api/module_list/1/ HTTP/1.1" 200 24
2018-04-21 14:28:22,627 [django.server:124] [basehttp:log_message] [INFO]- "POST /api/module_list/1/ HTTP/1.1" 200 36
2018-04-21 14:28:25,069 [django.server:124] [basehttp:log_message] [INFO]- "POST /api/module_list/1/ HTTP/1.1" 200 24
2018-04-21 14:28:27,995 [django.server:124] [basehttp:log_message] [INFO]- "POST /api/module_list/1/ HTTP/1.1" 200 24
2018-04-21 14:28:31,427 [django.server:124] [basehttp:log_message] [INFO]- "GET /api/add_module/ HTTP/1.1" 200 10238
2018-04-21 14:28:34,473 [django.server:124] [basehttp:log_message] [INFO]- "GET /api/test_list/1/ HTTP/1.1" 200 13249
2018-04-21 14:28:35,516 [django.server:124] [basehttp:log_message] [INFO]- "GET /api/add_case/ HTTP/1.1" 200 23921
